<?xml version="1.0" encoding="UTF-8"?>
<!-- Generated by org.testng.reporters.JUnitReportReporter -->
<testsuite hostname="SHAHIDAFTABWIN10" failures="0" tests="1" name="TestRunners.AmazonTestRunners" time="22.874" errors="0" timestamp="2023-11-05T13:32:49 IST" skipped="0">
  <testcase classname="TestRunners.AmazonTestRunners" name="runScenario" time="22.874"/>
</testsuite> <!-- TestRunners.AmazonTestRunners -->
