<?xml version="1.0" encoding="UTF-8"?>
<!-- Generated by org.testng.reporters.JUnitReportReporter -->
<testsuite hostname="SHAHIDAFTABWIN10" failures="0" tests="1" name="TestRunners.AmazonTest" time="37.405" errors="0" timestamp="2023-11-09T09:41:25 IST" skipped="0">
  <testcase classname="TestRunners.AmazonTest" name="runScenario" time="37.405"/>
</testsuite> <!-- TestRunners.AmazonTest -->
